[2026-06-25 19:48:08] INFO | ================================================================
[2026-06-25 19:48:08] INFO |   IMT-ONLY MULTIMODAL TRANSFORMER — ABLATION STUDY
[2026-06-25 19:48:08] INFO |   Chỉ dùng 1 ảnh IMT cho CẢ HAI nhãn (Class 0 & 1)
[2026-06-25 19:48:08] INFO | ================================================================
[2026-06-25 19:48:08] INFO | Device : cpu
[2026-06-25 19:48:08] INFO | ★ MAX_IMAGES = 1 (thay vì 5 của mô hình gốc)
[2026-06-25 19:48:08] INFO | Tokens : tab=10, img=64, total=75 (+CLS)
[2026-06-25 19:48:08] INFO | === TIỀN XỬ LÝ DỮ LIỆU (CHỈ DÙNG ẢNH IMT) ===
[2026-06-25 19:48:08] INFO | Tổng số bệnh nhân: 300
[2026-06-25 19:48:08] INFO | ★ Chỉ sử dụng ảnh IMT đầu tiên cho tất cả bệnh nhân
[2026-06-25 19:48:08] INFO |   Ví dụ Class 0: P001_IMT.png
[2026-06-25 19:48:08] INFO |   Ví dụ Class 1: P003_IMT.png
[2026-06-25 19:48:08] INFO | Train: 240 | Test: 60
[2026-06-25 19:48:08] INFO | Phân phối Train: {0: 164, 1: 76}
[2026-06-25 19:48:08] INFO | Phân phối Test : {0: 41, 1: 19}
[2026-06-25 19:48:08] INFO | Số tham số mô hình: 584,002 (so với 584,002 của mô hình gốc)
[2026-06-25 19:48:08] INFO | 
================================================================
[2026-06-25 19:48:08] INFO |  GIAI ĐOẠN 1: TIỀN HUẤN LUYỆN TỰ GIÁM SÁT (SSP)
[2026-06-25 19:48:08] INFO |  Mask ratio=15% | Epochs=30
[2026-06-25 19:48:08] INFO | ================================================================
[2026-06-25 19:48:09] INFO | [Pre] Epoch   1/30 | MSE Loss=1.543612 | LR=9.97e-05 | T=1s
[2026-06-25 19:48:09] INFO | [Pre] Epoch   2/30 | MSE Loss=0.746974 | LR=9.89e-05 | T=1s
[2026-06-25 19:48:10] INFO | [Pre] Epoch   3/30 | MSE Loss=0.436753 | LR=9.76e-05 | T=1s
[2026-06-25 19:48:10] INFO | [Pre] Epoch   4/30 | MSE Loss=0.348526 | LR=9.57e-05 | T=2s
[2026-06-25 19:48:11] INFO | [Pre] Epoch   5/30 | MSE Loss=0.345918 | LR=9.33e-05 | T=2s
[2026-06-25 19:48:11] INFO | [Pre] Epoch   6/30 | MSE Loss=0.321111 | LR=9.05e-05 | T=3s
[2026-06-25 19:48:12] INFO | [Pre] Epoch   7/30 | MSE Loss=0.339829 | LR=8.72e-05 | T=3s
[2026-06-25 19:48:12] INFO | [Pre] Epoch   8/30 | MSE Loss=0.330298 | LR=8.35e-05 | T=4s
[2026-06-25 19:48:13] INFO | [Pre] Epoch   9/30 | MSE Loss=0.328313 | LR=7.94e-05 | T=4s
[2026-06-25 19:48:13] INFO | [Pre] Epoch  10/30 | MSE Loss=0.304897 | LR=7.50e-05 | T=5s
[2026-06-25 19:48:14] INFO | [Pre] Epoch  11/30 | MSE Loss=0.325210 | LR=7.03e-05 | T=5s
[2026-06-25 19:48:14] INFO | [Pre] Epoch  12/30 | MSE Loss=0.314565 | LR=6.55e-05 | T=6s
[2026-06-25 19:48:15] INFO | [Pre] Epoch  13/30 | MSE Loss=0.316776 | LR=6.04e-05 | T=6s
[2026-06-25 19:48:15] INFO | [Pre] Epoch  14/30 | MSE Loss=0.318829 | LR=5.52e-05 | T=7s
[2026-06-25 19:48:16] INFO | [Pre] Epoch  15/30 | MSE Loss=0.318879 | LR=5.00e-05 | T=7s
[2026-06-25 19:48:16] INFO | [Pre] Epoch  16/30 | MSE Loss=0.298482 | LR=4.48e-05 | T=8s
[2026-06-25 19:48:17] INFO | [Pre] Epoch  17/30 | MSE Loss=0.292975 | LR=3.96e-05 | T=8s
[2026-06-25 19:48:17] INFO | [Pre] Epoch  18/30 | MSE Loss=0.313840 | LR=3.45e-05 | T=9s
[2026-06-25 19:48:18] INFO | [Pre] Epoch  19/30 | MSE Loss=0.317796 | LR=2.97e-05 | T=9s
[2026-06-25 19:48:18] INFO | [Pre] Epoch  20/30 | MSE Loss=0.329440 | LR=2.50e-05 | T=10s
[2026-06-25 19:48:19] INFO | [Pre] Epoch  21/30 | MSE Loss=0.319556 | LR=2.06e-05 | T=10s
[2026-06-25 19:48:19] INFO | [Pre] Epoch  22/30 | MSE Loss=0.307641 | LR=1.65e-05 | T=11s
[2026-06-25 19:48:20] INFO | [Pre] Epoch  23/30 | MSE Loss=0.303921 | LR=1.28e-05 | T=11s
[2026-06-25 19:48:20] INFO | [Pre] Epoch  24/30 | MSE Loss=0.319221 | LR=9.55e-06 | T=12s
[2026-06-25 19:48:21] INFO | [Pre] Epoch  25/30 | MSE Loss=0.323335 | LR=6.70e-06 | T=12s
[2026-06-25 19:48:21] INFO | [Pre] Epoch  26/30 | MSE Loss=0.341041 | LR=4.32e-06 | T=13s
[2026-06-25 19:48:22] INFO | [Pre] Epoch  27/30 | MSE Loss=0.309479 | LR=2.45e-06 | T=13s
[2026-06-25 19:48:22] INFO | [Pre] Epoch  28/30 | MSE Loss=0.325762 | LR=1.09e-06 | T=14s
[2026-06-25 19:48:23] INFO | [Pre] Epoch  29/30 | MSE Loss=0.310346 | LR=2.74e-07 | T=14s
[2026-06-25 19:48:23] INFO | [Pre] Epoch  30/30 | MSE Loss=0.330504 | LR=0.00e+00 | T=15s
[2026-06-25 19:48:23] INFO | 
→ Lưu trọng số tiền huấn luyện: /Users/minhtri86/Downloads/clinical_carotid_dataset_v3/outputs_imt_only/imt_only_pretrained.pth
[2026-06-25 19:48:23] INFO | 
================================================================
[2026-06-25 19:48:23] INFO |  GIAI ĐOẠN 2: TINH CHỈNH CÓ GIÁM SÁT
[2026-06-25 19:48:23] INFO |  Epochs=60 | LR=5e-05
[2026-06-25 19:48:23] INFO | ================================================================
[2026-06-25 19:48:24] INFO | [FT] Ep   1/60 | Tr Loss=0.6452 Acc=0.6875 F1=0.0741 | Va Loss=0.6247 Acc=0.6833 F1=0.0000 AUC=0.3158 | T=1s  ← BEST ✓
[2026-06-25 19:48:24] INFO | [FT] Ep   2/60 | Tr Loss=0.6262 Acc=0.6833 F1=0.0000 | Va Loss=0.6245 Acc=0.6833 F1=0.0000 AUC=0.3030 | T=1s
[2026-06-25 19:48:25] INFO | [FT] Ep   3/60 | Tr Loss=0.6254 Acc=0.6833 F1=0.0000 | Va Loss=0.6261 Acc=0.6833 F1=0.0000 AUC=0.3042 | T=2s
[2026-06-25 19:48:26] INFO | [FT] Ep   4/60 | Tr Loss=0.6305 Acc=0.6833 F1=0.0000 | Va Loss=0.6255 Acc=0.6833 F1=0.0000 AUC=0.3107 | T=2s
[2026-06-25 19:48:26] INFO | [FT] Ep   5/60 | Tr Loss=0.6324 Acc=0.6833 F1=0.0000 | Va Loss=0.6244 Acc=0.6833 F1=0.0000 AUC=0.3312 | T=3s
[2026-06-25 19:48:27] INFO | [FT] Ep   6/60 | Tr Loss=0.6215 Acc=0.6833 F1=0.0000 | Va Loss=0.6249 Acc=0.6833 F1=0.0000 AUC=0.3427 | T=3s
[2026-06-25 19:48:27] INFO | [FT] Ep   7/60 | Tr Loss=0.6271 Acc=0.6833 F1=0.0000 | Va Loss=0.6245 Acc=0.6833 F1=0.0000 AUC=0.3633 | T=4s
[2026-06-25 19:48:28] INFO | [FT] Ep   8/60 | Tr Loss=0.6232 Acc=0.6833 F1=0.0000 | Va Loss=0.6244 Acc=0.6833 F1=0.0000 AUC=0.3736 | T=4s
[2026-06-25 19:48:28] INFO | [FT] Ep   9/60 | Tr Loss=0.6235 Acc=0.6833 F1=0.0000 | Va Loss=0.6248 Acc=0.6833 F1=0.0000 AUC=0.3774 | T=5s
[2026-06-25 19:48:29] INFO | [FT] Ep  10/60 | Tr Loss=0.6211 Acc=0.6833 F1=0.0000 | Va Loss=0.6244 Acc=0.6833 F1=0.0000 AUC=0.3851 | T=6s
[2026-06-25 19:48:29] INFO | [FT] Ep  11/60 | Tr Loss=0.6257 Acc=0.6833 F1=0.0000 | Va Loss=0.6244 Acc=0.6833 F1=0.0000 AUC=0.4031 | T=6s
[2026-06-25 19:48:30] INFO | [FT] Ep  12/60 | Tr Loss=0.6289 Acc=0.6833 F1=0.0000 | Va Loss=0.6251 Acc=0.6833 F1=0.0000 AUC=0.4621 | T=7s
[2026-06-25 19:48:30] INFO | [FT] Ep  13/60 | Tr Loss=0.6241 Acc=0.6833 F1=0.0000 | Va Loss=0.6245 Acc=0.6833 F1=0.0000 AUC=0.4929 | T=7s
[2026-06-25 19:48:31] INFO | [FT] Ep  14/60 | Tr Loss=0.6289 Acc=0.6833 F1=0.0000 | Va Loss=0.6244 Acc=0.6833 F1=0.0000 AUC=0.5404 | T=8s
[2026-06-25 19:48:31] INFO | [FT] Ep  15/60 | Tr Loss=0.6251 Acc=0.6833 F1=0.0000 | Va Loss=0.6244 Acc=0.6833 F1=0.0000 AUC=0.5802 | T=8s
[2026-06-25 19:48:32] INFO | [FT] Ep  16/60 | Tr Loss=0.6201 Acc=0.6833 F1=0.0000 | Va Loss=0.6248 Acc=0.6833 F1=0.0000 AUC=0.5866 | T=9s
[2026-06-25 19:48:32] INFO | [FT] Ep  17/60 | Tr Loss=0.6281 Acc=0.6833 F1=0.0000 | Va Loss=0.6246 Acc=0.6833 F1=0.0000 AUC=0.6046 | T=9s
[2026-06-25 19:48:33] INFO | [FT] Ep  18/60 | Tr Loss=0.6283 Acc=0.6833 F1=0.0000 | Va Loss=0.6243 Acc=0.6833 F1=0.0000 AUC=0.6290 | T=10s
[2026-06-25 19:48:34] INFO | [FT] Ep  19/60 | Tr Loss=0.6264 Acc=0.6833 F1=0.0000 | Va Loss=0.6243 Acc=0.6833 F1=0.0000 AUC=0.6367 | T=10s
[2026-06-25 19:48:34] INFO | [FT] Ep  20/60 | Tr Loss=0.6262 Acc=0.6833 F1=0.0000 | Va Loss=0.6254 Acc=0.6833 F1=0.0000 AUC=0.6508 | T=11s
[2026-06-25 19:48:35] INFO | [FT] Ep  21/60 | Tr Loss=0.6277 Acc=0.6833 F1=0.0000 | Va Loss=0.6247 Acc=0.6833 F1=0.0000 AUC=0.6637 | T=11s
[2026-06-25 19:48:35] INFO | [FT] Ep  22/60 | Tr Loss=0.6191 Acc=0.6833 F1=0.0000 | Va Loss=0.6243 Acc=0.6833 F1=0.0000 AUC=0.6650 | T=12s
[2026-06-25 19:48:36] INFO | [FT] Ep  23/60 | Tr Loss=0.6263 Acc=0.6833 F1=0.0000 | Va Loss=0.6246 Acc=0.6833 F1=0.0000 AUC=0.6778 | T=12s
[2026-06-25 19:48:36] INFO | [FT] Ep  24/60 | Tr Loss=0.6284 Acc=0.6833 F1=0.0000 | Va Loss=0.6242 Acc=0.6833 F1=0.0000 AUC=0.6804 | T=13s
[2026-06-25 19:48:37] INFO | [FT] Ep  25/60 | Tr Loss=0.6278 Acc=0.6833 F1=0.0000 | Va Loss=0.6242 Acc=0.6833 F1=0.0000 AUC=0.6881 | T=14s
[2026-06-25 19:48:37] INFO | [FT] Ep  26/60 | Tr Loss=0.6242 Acc=0.6833 F1=0.0000 | Va Loss=0.6242 Acc=0.6833 F1=0.0000 AUC=0.6919 | T=14s
[2026-06-25 19:48:38] INFO | [FT] Ep  27/60 | Tr Loss=0.6253 Acc=0.6833 F1=0.0000 | Va Loss=0.6244 Acc=0.6833 F1=0.0000 AUC=0.6958 | T=15s
[2026-06-25 19:48:38] INFO | [FT] Ep  28/60 | Tr Loss=0.6227 Acc=0.6833 F1=0.0000 | Va Loss=0.6243 Acc=0.6833 F1=0.0000 AUC=0.6842 | T=15s
[2026-06-25 19:48:39] INFO | [FT] Ep  29/60 | Tr Loss=0.6279 Acc=0.6833 F1=0.0000 | Va Loss=0.6244 Acc=0.6833 F1=0.0000 AUC=0.6816 | T=16s
[2026-06-25 19:48:39] INFO | [FT] Ep  30/60 | Tr Loss=0.6230 Acc=0.6833 F1=0.0000 | Va Loss=0.6242 Acc=0.6833 F1=0.0000 AUC=0.6842 | T=16s
[2026-06-25 19:48:40] INFO | [FT] Ep  31/60 | Tr Loss=0.6269 Acc=0.6833 F1=0.0000 | Va Loss=0.6242 Acc=0.6833 F1=0.0000 AUC=0.6932 | T=17s
[2026-06-25 19:48:40] INFO | [FT] Ep  32/60 | Tr Loss=0.6219 Acc=0.6833 F1=0.0000 | Va Loss=0.6243 Acc=0.6833 F1=0.0000 AUC=0.6945 | T=17s
[2026-06-25 19:48:41] INFO | [FT] Ep  33/60 | Tr Loss=0.6257 Acc=0.6833 F1=0.0000 | Va Loss=0.6244 Acc=0.6833 F1=0.0000 AUC=0.6983 | T=18s
[2026-06-25 19:48:42] INFO | [FT] Ep  34/60 | Tr Loss=0.6241 Acc=0.6833 F1=0.0000 | Va Loss=0.6242 Acc=0.6833 F1=0.0000 AUC=0.7035 | T=18s
[2026-06-25 19:48:42] INFO | [FT] Ep  35/60 | Tr Loss=0.6303 Acc=0.6833 F1=0.0000 | Va Loss=0.6242 Acc=0.6833 F1=0.0000 AUC=0.6945 | T=19s
[2026-06-25 19:48:43] INFO | [FT] Ep  36/60 | Tr Loss=0.6231 Acc=0.6833 F1=0.0000 | Va Loss=0.6241 Acc=0.6833 F1=0.0000 AUC=0.7035 | T=19s
[2026-06-25 19:48:43] INFO | [FT] Ep  37/60 | Tr Loss=0.6201 Acc=0.6833 F1=0.0000 | Va Loss=0.6242 Acc=0.6833 F1=0.0000 AUC=0.7073 | T=20s
[2026-06-25 19:48:44] INFO | [FT] Ep  38/60 | Tr Loss=0.6276 Acc=0.6833 F1=0.0000 | Va Loss=0.6242 Acc=0.6833 F1=0.0000 AUC=0.7099 | T=20s
[2026-06-25 19:48:44] INFO | [FT] Ep  39/60 | Tr Loss=0.6250 Acc=0.6833 F1=0.0000 | Va Loss=0.6243 Acc=0.6833 F1=0.0000 AUC=0.7112 | T=21s
[2026-06-25 19:48:45] INFO | [FT] Ep  40/60 | Tr Loss=0.6251 Acc=0.6833 F1=0.0000 | Va Loss=0.6242 Acc=0.6833 F1=0.0000 AUC=0.7073 | T=22s
[2026-06-25 19:48:45] INFO | [FT] Ep  41/60 | Tr Loss=0.6237 Acc=0.6833 F1=0.0000 | Va Loss=0.6241 Acc=0.6833 F1=0.0000 AUC=0.7086 | T=22s
[2026-06-25 19:48:46] INFO | [FT] Ep  42/60 | Tr Loss=0.6227 Acc=0.6833 F1=0.0000 | Va Loss=0.6242 Acc=0.6833 F1=0.0000 AUC=0.7073 | T=23s
[2026-06-25 19:48:46] INFO | [FT] Ep  43/60 | Tr Loss=0.6270 Acc=0.6833 F1=0.0000 | Va Loss=0.6241 Acc=0.6833 F1=0.0000 AUC=0.7073 | T=23s
[2026-06-25 19:48:47] INFO | [FT] Ep  44/60 | Tr Loss=0.6238 Acc=0.6833 F1=0.0000 | Va Loss=0.6241 Acc=0.6833 F1=0.0000 AUC=0.7099 | T=24s
[2026-06-25 19:48:47] INFO | [FT] Ep  45/60 | Tr Loss=0.6231 Acc=0.6833 F1=0.0000 | Va Loss=0.6241 Acc=0.6833 F1=0.0000 AUC=0.7073 | T=24s
[2026-06-25 19:48:48] INFO | [FT] Ep  46/60 | Tr Loss=0.6269 Acc=0.6833 F1=0.0000 | Va Loss=0.6241 Acc=0.6833 F1=0.0000 AUC=0.7073 | T=25s
[2026-06-25 19:48:48] INFO | [FT] Ep  47/60 | Tr Loss=0.6263 Acc=0.6833 F1=0.0000 | Va Loss=0.6241 Acc=0.6833 F1=0.0000 AUC=0.7086 | T=25s
[2026-06-25 19:48:49] INFO | [FT] Ep  48/60 | Tr Loss=0.6240 Acc=0.6833 F1=0.0000 | Va Loss=0.6241 Acc=0.6833 F1=0.0000 AUC=0.7086 | T=26s
[2026-06-25 19:48:50] INFO | [FT] Ep  49/60 | Tr Loss=0.6255 Acc=0.6833 F1=0.0000 | Va Loss=0.6241 Acc=0.6833 F1=0.0000 AUC=0.7086 | T=26s
[2026-06-25 19:48:50] INFO | [FT] Ep  50/60 | Tr Loss=0.6238 Acc=0.6833 F1=0.0000 | Va Loss=0.6241 Acc=0.6833 F1=0.0000 AUC=0.7092 | T=27s
[2026-06-25 19:48:51] INFO | [FT] Ep  51/60 | Tr Loss=0.6261 Acc=0.6833 F1=0.0000 | Va Loss=0.6241 Acc=0.6833 F1=0.0000 AUC=0.7086 | T=27s
[2026-06-25 19:48:51] INFO | [FT] Ep  52/60 | Tr Loss=0.6230 Acc=0.6833 F1=0.0000 | Va Loss=0.6241 Acc=0.6833 F1=0.0000 AUC=0.7086 | T=28s
[2026-06-25 19:48:52] INFO | [FT] Ep  53/60 | Tr Loss=0.6284 Acc=0.6833 F1=0.0000 | Va Loss=0.6241 Acc=0.6833 F1=0.0000 AUC=0.7086 | T=28s
[2026-06-25 19:48:52] INFO | [FT] Ep  54/60 | Tr Loss=0.6240 Acc=0.6833 F1=0.0000 | Va Loss=0.6241 Acc=0.6833 F1=0.0000 AUC=0.7086 | T=29s
[2026-06-25 19:48:53] INFO | [FT] Ep  55/60 | Tr Loss=0.6272 Acc=0.6833 F1=0.0000 | Va Loss=0.6241 Acc=0.6833 F1=0.0000 AUC=0.7086 | T=29s
[2026-06-25 19:48:53] INFO | [FT] Ep  56/60 | Tr Loss=0.6209 Acc=0.6833 F1=0.0000 | Va Loss=0.6241 Acc=0.6833 F1=0.0000 AUC=0.7073 | T=30s
[2026-06-25 19:48:54] INFO | [FT] Ep  57/60 | Tr Loss=0.6267 Acc=0.6833 F1=0.0000 | Va Loss=0.6241 Acc=0.6833 F1=0.0000 AUC=0.7073 | T=30s
[2026-06-25 19:48:54] INFO | [FT] Ep  58/60 | Tr Loss=0.6225 Acc=0.6833 F1=0.0000 | Va Loss=0.6241 Acc=0.6833 F1=0.0000 AUC=0.7073 | T=31s
[2026-06-25 19:48:55] INFO | [FT] Ep  59/60 | Tr Loss=0.6229 Acc=0.6833 F1=0.0000 | Va Loss=0.6241 Acc=0.6833 F1=0.0000 AUC=0.7073 | T=31s
[2026-06-25 19:48:55] INFO | [FT] Ep  60/60 | Tr Loss=0.6237 Acc=0.6833 F1=0.0000 | Va Loss=0.6241 Acc=0.6833 F1=0.0000 AUC=0.7073 | T=32s
[2026-06-25 19:48:55] INFO | 
================================================================
[2026-06-25 19:48:55] INFO |  ĐÁNH GIÁ CUỐI CÙNG — TẬP TEST
[2026-06-25 19:48:55] INFO | ================================================================
[2026-06-25 19:48:55] INFO | Tải trọng số từ epoch 1
[2026-06-25 19:48:55] INFO | 
────────────────────────────────────────
[2026-06-25 19:48:55] INFO |   [IMT-Only] Accuracy  : 0.6833  (68.33%)
[2026-06-25 19:48:55] INFO |   [IMT-Only] Precision : 0.0000
[2026-06-25 19:48:55] INFO |   [IMT-Only] Recall    : 0.0000
[2026-06-25 19:48:55] INFO |   [IMT-Only] F1-Score  : 0.0000
[2026-06-25 19:48:55] INFO |   [IMT-Only] ROC-AUC   : 0.3158
[2026-06-25 19:48:55] INFO |   [IMT-Only] Loss      : 0.6247
[2026-06-25 19:48:55] INFO | 
  [Mô hình gốc]  Accuracy=1.0 | F1=1.0 | ROC-AUC=1.0
[2026-06-25 19:48:55] INFO |   → Chênh lệch Accuracy : 31.67%
[2026-06-25 19:48:55] INFO |   → Chênh lệch F1       : 1.0000
[2026-06-25 19:48:55] INFO |   → Chênh lệch ROC-AUC  : 0.6842
[2026-06-25 19:48:55] INFO | ────────────────────────────────────────

[2026-06-25 19:48:56] INFO | Đã lưu biểu đồ: /Users/minhtri86/Downloads/clinical_carotid_dataset_v3/outputs_imt_only/training_curves.png
[2026-06-25 19:48:56] INFO | Đã lưu confusion matrix: /Users/minhtri86/Downloads/clinical_carotid_dataset_v3/outputs_imt_only/confusion_matrix.png
[2026-06-25 19:48:56] INFO | Đã lưu biểu đồ so sánh: /Users/minhtri86/Downloads/clinical_carotid_dataset_v3/outputs_imt_only/comparison_original_vs_imt_only.png
[2026-06-25 19:48:56] INFO | ================================================================
[2026-06-25 19:48:56] INFO |  HOÀN THÀNH!
[2026-06-25 19:48:56] INFO |   Output dir: /Users/minhtri86/Downloads/clinical_carotid_dataset_v3/outputs_imt_only
[2026-06-25 19:48:56] INFO | ================================================================
